# JRE version: Java(TM) SE Runtime Environment (8.0_111-b14) (build 1.8.0_111-b14)
# Java VM: Java HotSpot(TM) 64-Bit Server VM (25.111-b14 mixed mode windows-amd64 compressed oops)
Heap:
 PSYoungGen      total 138240K, used 109645K [0x00000000d5f00000, 0x00000000e7a00000, 0x0000000100000000)
  eden space 133120K, 82% used [0x00000000d5f00000,0x00000000dca13400,0x00000000de100000)
  from space 5120K, 0% used [0x00000000de100000,0x00000000de100000,0x00000000de600000)
  to   space 11776K, 0% used [0x00000000e6e80000,0x00000000e6e80000,0x00000000e7a00000)
 ParOldGen       total 59904K, used 12709K [0x0000000081c00000, 0x0000000085680000, 0x00000000d5f00000)
  object space 59904K, 21% used [0x0000000081c00000,0x00000000828694b0,0x0000000085680000)
 Metaspace       used 28316K, capacity 29012K, committed 29184K, reserved 1075200K
  class space    used 3288K, capacity 3494K, committed 3584K, reserved 1048576K
GC Heap History (10 events):
Event: 8.393 GC heap before
{Heap before GC invocations=2 (full 0):
 PSYoungGen      total 38400K, used 38372K [0x00000000d5f00000, 0x00000000daa00000, 0x0000000100000000)
  eden space 33280K, 100% used [0x00000000d5f00000,0x00000000d7f80000,0x00000000d7f80000)
  from space 5120K, 99% used [0x00000000d7f80000,0x00000000d8479228,0x00000000d8480000)
  to   space 5120K, 0% used [0x00000000da500000,0x00000000da500000,0x00000000daa00000)
 ParOldGen       total 87552K, used 8K [0x0000000081c00000, 0x0000000087180000, 0x00000000d5f00000)
  object space 87552K, 0% used [0x0000000081c00000,0x0000000081c02000,0x0000000087180000)
 Metaspace       used 11320K, capacity 11608K, committed 11776K, reserved 1058816K
  class space    used 1371K, capacity 1445K, committed 1536K, reserved 1048576K
Event: 8.478 GC heap after
Heap after GC invocations=2 (full 0):
 PSYoungGen      total 71680K, used 5107K [0x00000000d5f00000, 0x00000000daa00000, 0x0000000100000000)
  eden space 66560K, 0% used [0x00000000d5f00000,0x00000000d5f00000,0x00000000da000000)
  from space 5120K, 99% used [0x00000000da500000,0x00000000da9fcca8,0x00000000daa00000)
  to   space 5120K, 0% used [0x00000000da000000,0x00000000da000000,0x00000000da500000)
 ParOldGen       total 87552K, used 708K [0x0000000081c00000, 0x0000000087180000, 0x00000000d5f00000)
  object space 87552K, 0% used [0x0000000081c00000,0x0000000081cb1288,0x0000000087180000)
 Metaspace       used 11320K, capacity 11608K, committed 11776K, reserved 1058816K
  class space    used 1371K, capacity 1445K, committed 1536K, reserved 1048576K
}
Event: 11.246 GC heap before
{Heap before GC invocations=3 (full 0):
 PSYoungGen      total 71680K, used 71667K [0x00000000d5f00000, 0x00000000daa00000, 0x0000000100000000)
  eden space 66560K, 100% used [0x00000000d5f00000,0x00000000da000000,0x00000000da000000)
  from space 5120K, 99% used [0x00000000da500000,0x00000000da9fcca8,0x00000000daa00000)
  to   space 5120K, 0% used [0x00000000da000000,0x00000000da000000,0x00000000da500000)
 ParOldGen       total 87552K, used 708K [0x0000000081c00000, 0x0000000087180000, 0x00000000d5f00000)
  object space 87552K, 0% used [0x0000000081c00000,0x0000000081cb1288,0x0000000087180000)
 Metaspace       used 16027K, capacity 16328K, committed 16640K, reserved 1064960K
  class space    used 1924K, capacity 2040K, committed 2048K, reserved 1048576K
Event: 11.307 GC heap after
Heap after GC invocations=3 (full 0):
 PSYoungGen      total 71680K, used 5112K [0x00000000d5f00000, 0x00000000deb00000, 0x0000000100000000)
  eden space 66560K, 0% used [0x00000000d5f00000,0x00000000d5f00000,0x00000000da000000)
  from space 5120K, 99% used [0x00000000da000000,0x00000000da4fe050,0x00000000da500000)
  to   space 5120K, 0% used [0x00000000de600000,0x00000000de600000,0x00000000deb00000)
 ParOldGen       total 87552K, used 6954K [0x0000000081c00000, 0x0000000087180000, 0x00000000d5f00000)
  object space 87552K, 7% used [0x0000000081c00000,0x00000000822caaf8,0x0000000087180000)
 Metaspace       used 16027K, capacity 16328K, committed 16640K, reserved 1064960K
  class space    used 1924K, capacity 2040K, committed 2048K, reserved 1048576K
}
Event: 16.304 GC heap before
{Heap before GC invocations=4 (full 0):
 PSYoungGen      total 71680K, used 71672K [0x00000000d5f00000, 0x00000000deb00000, 0x0000000100000000)
  eden space 66560K, 100% used [0x00000000d5f00000,0x00000000da000000,0x00000000da000000)
  from space 5120K, 99% used [0x00000000da000000,0x00000000da4fe050,0x00000000da500000)
  to   space 5120K, 0% used [0x00000000de600000,0x00000000de600000,0x00000000deb00000)
 ParOldGen       total 87552K, used 6954K [0x0000000081c00000, 0x0000000087180000, 0x00000000d5f00000)
  object space 87552K, 7% used [0x0000000081c00000,0x00000000822caaf8,0x0000000087180000)
 Metaspace       used 17592K, capacity 18030K, committed 18432K, reserved 1064960K
  class space    used 2059K, capacity 2193K, committed 2304K, reserved 1048576K
Event: 16.322 GC heap after
Heap after GC invocations=4 (full 0):
 PSYoungGen      total 138240K, used 5104K [0x00000000d5f00000, 0x00000000deb00000, 0x0000000100000000)
  eden space 133120K, 0% used [0x00000000d5f00000,0x00000000d5f00000,0x00000000de100000)
  from space 5120K, 99% used [0x00000000de600000,0x00000000deafc010,0x00000000deb00000)
  to   space 5120K, 0% used [0x00000000de100000,0x00000000de100000,0x00000000de600000)
 ParOldGen       total 87552K, used 11467K [0x0000000081c00000, 0x0000000087180000, 0x00000000d5f00000)
  object space 87552K, 13% used [0x0000000081c00000,0x0000000082732fc8,0x0000000087180000)
 Metaspace       used 17592K, capacity 18030K, committed 18432K, reserved 1064960K
  class space    used 2059K, capacity 2193K, committed 2304K, reserved 1048576K
}
Event: 22.864 GC heap before
{Heap before GC invocations=5 (full 0):
 PSYoungGen      total 138240K, used 44575K [0x00000000d5f00000, 0x00000000deb00000, 0x0000000100000000)
  eden space 133120K, 29% used [0x00000000d5f00000,0x00000000d858bf50,0x00000000de100000)
  from space 5120K, 99% used [0x00000000de600000,0x00000000deafc010,0x00000000deb00000)
  to   space 5120K, 0% used [0x00000000de100000,0x00000000de100000,0x00000000de600000)
 ParOldGen       total 87552K, used 11467K [0x0000000081c00000, 0x0000000087180000, 0x00000000d5f00000)
  object space 87552K, 13% used [0x0000000081c00000,0x0000000082732fc8,0x0000000087180000)
 Metaspace       used 20617K, capacity 21144K, committed 21296K, reserved 1069056K
  class space    used 2456K, capacity 2658K, committed 2688K, reserved 1048576K
Event: 22.898 GC heap after
Heap after GC invocations=5 (full 0):
 PSYoungGen      total 138240K, used 5104K [0x00000000d5f00000, 0x00000000e7a00000, 0x0000000100000000)
  eden space 133120K, 0% used [0x00000000d5f00000,0x00000000d5f00000,0x00000000de100000)
  from space 5120K, 99% used [0x00000000de100000,0x00000000de5fc030,0x00000000de600000)
  to   space 11776K, 0% used [0x00000000e6e80000,0x00000000e6e80000,0x00000000e7a00000)
 ParOldGen       total 87552K, used 13755K [0x0000000081c00000, 0x0000000087180000, 0x00000000d5f00000)
  object space 87552K, 15% used [0x0000000081c00000,0x000000008296ed28,0x0000000087180000)
 Metaspace       used 20617K, capacity 21144K, committed 21296K, reserved 1069056K
  class space    used 2456K, capacity 2658K, committed 2688K, reserved 1048576K
}
Event: 22.898 GC heap before
{Heap before GC invocations=6 (full 1):
 PSYoungGen      total 138240K, used 5104K [0x00000000d5f00000, 0x00000000e7a00000, 0x0000000100000000)
  eden space 133120K, 0% used [0x00000000d5f00000,0x00000000d5f00000,0x00000000de100000)
  from space 5120K, 99% used [0x00000000de100000,0x00000000de5fc030,0x00000000de600000)
  to   space 11776K, 0% used [0x00000000e6e80000,0x00000000e6e80000,0x00000000e7a00000)
 ParOldGen       total 87552K, used 13755K [0x0000000081c00000, 0x0000000087180000, 0x00000000d5f00000)
  object space 87552K, 15% used [0x0000000081c00000,0x000000008296ed28,0x0000000087180000)
 Metaspace       used 20617K, capacity 21144K, committed 21296K, reserved 1069056K
  class space    used 2456K, capacity 2658K, committed 2688K, reserved 1048576K
Event: 23.026 GC heap after
Heap after GC invocations=6 (full 1):
 PSYoungGen      total 138240K, used 0K [0x00000000d5f00000, 0x00000000e7a00000, 0x0000000100000000)
  eden space 133120K, 0% used [0x00000000d5f00000,0x00000000d5f00000,0x00000000de100000)
  from space 5120K, 0% used [0x00000000de100000,0x00000000de100000,0x00000000de600000)
  to   space 11776K, 0% used [0x00000000e6e80000,0x00000000e6e80000,0x00000000e7a00000)
 ParOldGen       total 59904K, used 12709K [0x0000000081c00000, 0x0000000085680000, 0x00000000d5f00000)
  object space 59904K, 21% used [0x0000000081c00000,0x00000000828694b0,0x0000000085680000)
 Metaspace       used 20617K, capacity 21144K, committed 21296K, reserved 1069056K
  class space    used 2456K, capacity 2658K, committed 2688K, reserved 1048576K
}

