# JRE version: Java(TM) SE Runtime Environment (8.0_111-b14) (build 1.8.0_111-b14)
# Java VM: Java HotSpot(TM) 64-Bit Server VM (25.111-b14 mixed mode windows-amd64 compressed oops)
Heap:
 PSYoungGen      total 119808K, used 73870K [0x00000000d5f00000, 0x00000000df300000, 0x0000000100000000)
  eden space 110592K, 58% used [0x00000000d5f00000,0x00000000d9e268e8,0x00000000dcb00000)
  from space 9216K, 99% used [0x00000000dea00000,0x00000000df2fd2c0,0x00000000df300000)
  to   space 12288K, 0% used [0x00000000ddb00000,0x00000000ddb00000,0x00000000de700000)
 ParOldGen       total 67584K, used 17714K [0x0000000081c00000, 0x0000000085e00000, 0x00000000d5f00000)
  object space 67584K, 26% used [0x0000000081c00000,0x0000000082d4ca08,0x0000000085e00000)
 Metaspace       used 29525K, capacity 30176K, committed 30336K, reserved 1075200K
  class space    used 3448K, capacity 3625K, committed 3712K, reserved 1048576K
GC Heap History (10 events):
Event: 5.074 GC heap before
{Heap before GC invocations=5 (full 0):
 PSYoungGen      total 38400K, used 38376K [0x00000000d5f00000, 0x00000000d8980000, 0x0000000100000000)
  eden space 33280K, 100% used [0x00000000d5f00000,0x00000000d7f80000,0x00000000d7f80000)
  from space 5120K, 99% used [0x00000000d8480000,0x00000000d897a040,0x00000000d8980000)
  to   space 5120K, 0% used [0x00000000d7f80000,0x00000000d7f80000,0x00000000d8480000)
 ParOldGen       total 87552K, used 6313K [0x0000000081c00000, 0x0000000087180000, 0x00000000d5f00000)
  object space 87552K, 7% used [0x0000000081c00000,0x000000008222a460,0x0000000087180000)
 Metaspace       used 16402K, capacity 16754K, committed 16896K, reserved 1064960K
  class space    used 1944K, capacity 2047K, committed 2048K, reserved 1048576K
Event: 5.086 GC heap after
Heap after GC invocations=5 (full 0):
 PSYoungGen      total 38400K, used 5096K [0x00000000d5f00000, 0x00000000db200000, 0x0000000100000000)
  eden space 33280K, 0% used [0x00000000d5f00000,0x00000000d5f00000,0x00000000d7f80000)
  from space 5120K, 99% used [0x00000000d7f80000,0x00000000d847a040,0x00000000d8480000)
  to   space 9216K, 0% used [0x00000000da900000,0x00000000da900000,0x00000000db200000)
 ParOldGen       total 87552K, used 8254K [0x0000000081c00000, 0x0000000087180000, 0x00000000d5f00000)
  object space 87552K, 9% used [0x0000000081c00000,0x000000008240fa60,0x0000000087180000)
 Metaspace       used 16402K, capacity 16754K, committed 16896K, reserved 1064960K
  class space    used 1944K, capacity 2047K, committed 2048K, reserved 1048576K
}
Event: 5.824 GC heap before
{Heap before GC invocations=6 (full 0):
 PSYoungGen      total 38400K, used 38376K [0x00000000d5f00000, 0x00000000db200000, 0x0000000100000000)
  eden space 33280K, 100% used [0x00000000d5f00000,0x00000000d7f80000,0x00000000d7f80000)
  from space 5120K, 99% used [0x00000000d7f80000,0x00000000d847a040,0x00000000d8480000)
  to   space 9216K, 0% used [0x00000000da900000,0x00000000da900000,0x00000000db200000)
 ParOldGen       total 87552K, used 8254K [0x0000000081c00000, 0x0000000087180000, 0x00000000d5f00000)
  object space 87552K, 9% used [0x0000000081c00000,0x000000008240fa60,0x0000000087180000)
 Metaspace       used 17522K, capacity 17966K, committed 18176K, reserved 1064960K
  class space    used 2058K, capacity 2193K, committed 2304K, reserved 1048576K
Event: 5.836 GC heap after
Heap after GC invocations=6 (full 0):
 PSYoungGen      total 75776K, used 7886K [0x00000000d5f00000, 0x00000000db200000, 0x0000000100000000)
  eden space 66560K, 0% used [0x00000000d5f00000,0x00000000d5f00000,0x00000000da000000)
  from space 9216K, 85% used [0x00000000da900000,0x00000000db0b3910,0x00000000db200000)
  to   space 9216K, 0% used [0x00000000da000000,0x00000000da000000,0x00000000da900000)
 ParOldGen       total 87552K, used 8262K [0x0000000081c00000, 0x0000000087180000, 0x00000000d5f00000)
  object space 87552K, 9% used [0x0000000081c00000,0x0000000082411a60,0x0000000087180000)
 Metaspace       used 17522K, capacity 17966K, committed 18176K, reserved 1064960K
  class space    used 2058K, capacity 2193K, committed 2304K, reserved 1048576K
}
Event: 6.447 GC heap before
{Heap before GC invocations=7 (full 0):
 PSYoungGen      total 75776K, used 42548K [0x00000000d5f00000, 0x00000000db200000, 0x0000000100000000)
  eden space 66560K, 52% used [0x00000000d5f00000,0x00000000d80d96f0,0x00000000da000000)
  from space 9216K, 85% used [0x00000000da900000,0x00000000db0b3910,0x00000000db200000)
  to   space 9216K, 0% used [0x00000000da000000,0x00000000da000000,0x00000000da900000)
 ParOldGen       total 87552K, used 8262K [0x0000000081c00000, 0x0000000087180000, 0x00000000d5f00000)
  object space 87552K, 9% used [0x0000000081c00000,0x0000000082411a60,0x0000000087180000)
 Metaspace       used 20608K, capacity 21144K, committed 21296K, reserved 1069056K
  class space    used 2469K, capacity 2658K, committed 2688K, reserved 1048576K
Event: 6.465 GC heap after
Heap after GC invocations=7 (full 0):
 PSYoungGen      total 75776K, used 7031K [0x00000000d5f00000, 0x00000000df300000, 0x0000000100000000)
  eden space 66560K, 0% used [0x00000000d5f00000,0x00000000d5f00000,0x00000000da000000)
  from space 9216K, 76% used [0x00000000da000000,0x00000000da6ddd70,0x00000000da900000)
  to   space 9216K, 0% used [0x00000000dea00000,0x00000000dea00000,0x00000000df300000)
 ParOldGen       total 87552K, used 10294K [0x0000000081c00000, 0x0000000087180000, 0x00000000d5f00000)
  object space 87552K, 11% used [0x0000000081c00000,0x000000008260db00,0x0000000087180000)
 Metaspace       used 20608K, capacity 21144K, committed 21296K, reserved 1069056K
  class space    used 2469K, capacity 2658K, committed 2688K, reserved 1048576K
}
Event: 6.465 GC heap before
{Heap before GC invocations=8 (full 1):
 PSYoungGen      total 75776K, used 7031K [0x00000000d5f00000, 0x00000000df300000, 0x0000000100000000)
  eden space 66560K, 0% used [0x00000000d5f00000,0x00000000d5f00000,0x00000000da000000)
  from space 9216K, 76% used [0x00000000da000000,0x00000000da6ddd70,0x00000000da900000)
  to   space 9216K, 0% used [0x00000000dea00000,0x00000000dea00000,0x00000000df300000)
 ParOldGen       total 87552K, used 10294K [0x0000000081c00000, 0x0000000087180000, 0x00000000d5f00000)
  object space 87552K, 11% used [0x0000000081c00000,0x000000008260db00,0x0000000087180000)
 Metaspace       used 20608K, capacity 21144K, committed 21296K, reserved 1069056K
  class space    used 2469K, capacity 2658K, committed 2688K, reserved 1048576K
Event: 6.579 GC heap after
Heap after GC invocations=8 (full 1):
 PSYoungGen      total 75776K, used 0K [0x00000000d5f00000, 0x00000000df300000, 0x0000000100000000)
  eden space 66560K, 0% used [0x00000000d5f00000,0x00000000d5f00000,0x00000000da000000)
  from space 9216K, 0% used [0x00000000da000000,0x00000000da000000,0x00000000da900000)
  to   space 9216K, 0% used [0x00000000dea00000,0x00000000dea00000,0x00000000df300000)
 ParOldGen       total 67584K, used 12706K [0x0000000081c00000, 0x0000000085e00000, 0x00000000d5f00000)
  object space 67584K, 18% used [0x0000000081c00000,0x00000000828689d8,0x0000000085e00000)
 Metaspace       used 20608K, capacity 21144K, committed 21296K, reserved 1069056K
  class space    used 2469K, capacity 2658K, committed 2688K, reserved 1048576K
}
Event: 42.333 GC heap before
{Heap before GC invocations=9 (full 1):
 PSYoungGen      total 75776K, used 66560K [0x00000000d5f00000, 0x00000000df300000, 0x0000000100000000)
  eden space 66560K, 100% used [0x00000000d5f00000,0x00000000da000000,0x00000000da000000)
  from space 9216K, 0% used [0x00000000da000000,0x00000000da000000,0x00000000da900000)
  to   space 9216K, 0% used [0x00000000dea00000,0x00000000dea00000,0x00000000df300000)
 ParOldGen       total 67584K, used 12706K [0x0000000081c00000, 0x0000000085e00000, 0x00000000d5f00000)
  object space 67584K, 18% used [0x0000000081c00000,0x00000000828689d8,0x0000000085e00000)
 Metaspace       used 23297K, capacity 23896K, committed 24192K, reserved 1071104K
  class space    used 2734K, capacity 2914K, committed 2944K, reserved 1048576K
Event: 45.491 GC heap after
Heap after GC invocations=9 (full 1):
 PSYoungGen      total 119808K, used 9204K [0x00000000d5f00000, 0x00000000df300000, 0x0000000100000000)
  eden space 110592K, 0% used [0x00000000d5f00000,0x00000000d5f00000,0x00000000dcb00000)
  from space 9216K, 99% used [0x00000000dea00000,0x00000000df2fd2c0,0x00000000df300000)
  to   space 12288K, 0% used [0x00000000ddb00000,0x00000000ddb00000,0x00000000de700000)
 ParOldGen       total 67584K, used 17714K [0x0000000081c00000, 0x0000000085e00000, 0x00000000d5f00000)
  object space 67584K, 26% used [0x0000000081c00000,0x0000000082d4ca08,0x0000000085e00000)
 Metaspace       used 23297K, capacity 23896K, committed 24192K, reserved 1071104K
  class space    used 2734K, capacity 2914K, committed 2944K, reserved 1048576K
}

