# JRE version: Java(TM) SE Runtime Environment (8.0_111-b14) (build 1.8.0_111-b14)
# Java VM: Java HotSpot(TM) 64-Bit Server VM (25.111-b14 mixed mode windows-amd64 compressed oops)
Heap:
 PSYoungGen      total 221696K, used 55726K [0x00000000d5f00000, 0x00000000e8580000, 0x0000000100000000)
  eden space 194560K, 21% used [0x00000000d5f00000,0x00000000d88a5978,0x00000000e1d00000)
  from space 27136K, 48% used [0x00000000e1d00000,0x00000000e29c5f38,0x00000000e3780000)
  to   space 26112K, 0% used [0x00000000e6c00000,0x00000000e6c00000,0x00000000e8580000)
 ParOldGen       total 111104K, used 40262K [0x0000000081c00000, 0x0000000088880000, 0x00000000d5f00000)
  object space 111104K, 36% used [0x0000000081c00000,0x0000000084351ba0,0x0000000088880000)
 Metaspace       used 44491K, capacity 45246K, committed 45696K, reserved 1089536K
  class space    used 5180K, capacity 5413K, committed 5504K, reserved 1048576K
GC Heap History (10 events):
Event: 60.462 GC heap before
{Heap before GC invocations=21 (full 1):
 PSYoungGen      total 138240K, used 138224K [0x00000000d5f00000, 0x00000000e1f80000, 0x0000000100000000)
  eden space 118784K, 100% used [0x00000000d5f00000,0x00000000dd300000,0x00000000dd300000)
  from space 19456K, 99% used [0x00000000dd300000,0x00000000de5fc300,0x00000000de600000)
  to   space 23040K, 0% used [0x00000000e0900000,0x00000000e0900000,0x00000000e1f80000)
 ParOldGen       total 68096K, used 43866K [0x0000000081c00000, 0x0000000085e80000, 0x00000000d5f00000)
  object space 68096K, 64% used [0x0000000081c00000,0x00000000846d6950,0x0000000085e80000)
 Metaspace       used 29674K, capacity 30350K, committed 30592K, reserved 1077248K
  class space    used 3471K, capacity 3659K, committed 3712K, reserved 1048576K
Event: 60.679 GC heap after
Heap after GC invocations=21 (full 1):
 PSYoungGen      total 172544K, used 19609K [0x00000000d5f00000, 0x00000000e2680000, 0x0000000100000000)
  eden space 149504K, 0% used [0x00000000d5f00000,0x00000000d5f00000,0x00000000df100000)
  from space 23040K, 85% used [0x00000000e0900000,0x00000000e1c26698,0x00000000e1f80000)
  to   space 24576K, 0% used [0x00000000df100000,0x00000000df100000,0x00000000e0900000)
 ParOldGen       total 68096K, used 46224K [0x0000000081c00000, 0x0000000085e80000, 0x00000000d5f00000)
  object space 68096K, 67% used [0x0000000081c00000,0x00000000849242e0,0x0000000085e80000)
 Metaspace       used 29674K, capacity 30350K, committed 30592K, reserved 1077248K
  class space    used 3471K, capacity 3659K, committed 3712K, reserved 1048576K
}
Event: 63.405 GC heap before
{Heap before GC invocations=22 (full 1):
 PSYoungGen      total 172544K, used 169113K [0x00000000d5f00000, 0x00000000e2680000, 0x0000000100000000)
  eden space 149504K, 100% used [0x00000000d5f00000,0x00000000df100000,0x00000000df100000)
  from space 23040K, 85% used [0x00000000e0900000,0x00000000e1c26698,0x00000000e1f80000)
  to   space 24576K, 0% used [0x00000000df100000,0x00000000df100000,0x00000000e0900000)
 ParOldGen       total 68096K, used 46224K [0x0000000081c00000, 0x0000000085e80000, 0x00000000d5f00000)
  object space 68096K, 67% used [0x0000000081c00000,0x00000000849242e0,0x0000000085e80000)
 Metaspace       used 29998K, capacity 30706K, committed 30848K, reserved 1077248K
  class space    used 3508K, capacity 3695K, committed 3712K, reserved 1048576K
Event: 63.494 GC heap after
Heap after GC invocations=22 (full 1):
 PSYoungGen      total 174080K, used 20683K [0x00000000d5f00000, 0x00000000e5180000, 0x0000000100000000)
  eden space 149504K, 0% used [0x00000000d5f00000,0x00000000d5f00000,0x00000000df100000)
  from space 24576K, 84% used [0x00000000df100000,0x00000000e0532dd0,0x00000000e0900000)
  to   space 26624K, 0% used [0x00000000e3780000,0x00000000e3780000,0x00000000e5180000)
 ParOldGen       total 68096K, used 47798K [0x0000000081c00000, 0x0000000085e80000, 0x00000000d5f00000)
  object space 68096K, 70% used [0x0000000081c00000,0x0000000084aadbc8,0x0000000085e80000)
 Metaspace       used 29998K, capacity 30706K, committed 30848K, reserved 1077248K
  class space    used 3508K, capacity 3695K, committed 3712K, reserved 1048576K
}
Event: 71.487 GC heap before
{Heap before GC invocations=23 (full 1):
 PSYoungGen      total 174080K, used 62276K [0x00000000d5f00000, 0x00000000e5180000, 0x0000000100000000)
  eden space 149504K, 27% used [0x00000000d5f00000,0x00000000d879e620,0x00000000df100000)
  from space 24576K, 84% used [0x00000000df100000,0x00000000e0532dd0,0x00000000e0900000)
  to   space 26624K, 0% used [0x00000000e3780000,0x00000000e3780000,0x00000000e5180000)
 ParOldGen       total 68096K, used 47798K [0x0000000081c00000, 0x0000000085e80000, 0x00000000d5f00000)
  object space 68096K, 70% used [0x0000000081c00000,0x0000000084aadbc8,0x0000000085e80000)
 Metaspace       used 34652K, capacity 35370K, committed 35496K, reserved 1081344K
  class space    used 4074K, capacity 4311K, committed 4352K, reserved 1048576K
Event: 71.866 GC heap after
Heap after GC invocations=23 (full 1):
 PSYoungGen      total 221184K, used 2914K [0x00000000d5f00000, 0x00000000e5380000, 0x0000000100000000)
  eden space 194560K, 0% used [0x00000000d5f00000,0x00000000d5f00000,0x00000000e1d00000)
  from space 26624K, 10% used [0x00000000e3780000,0x00000000e3a58bc0,0x00000000e5180000)
  to   space 27136K, 0% used [0x00000000e1d00000,0x00000000e1d00000,0x00000000e3780000)
 ParOldGen       total 68096K, used 53028K [0x0000000081c00000, 0x0000000085e80000, 0x00000000d5f00000)
  object space 68096K, 77% used [0x0000000081c00000,0x0000000084fc9258,0x0000000085e80000)
 Metaspace       used 34652K, capacity 35370K, committed 35496K, reserved 1081344K
  class space    used 4074K, capacity 4311K, committed 4352K, reserved 1048576K
}
Event: 71.866 GC heap before
{Heap before GC invocations=24 (full 2):
 PSYoungGen      total 221184K, used 2914K [0x00000000d5f00000, 0x00000000e5380000, 0x0000000100000000)
  eden space 194560K, 0% used [0x00000000d5f00000,0x00000000d5f00000,0x00000000e1d00000)
  from space 26624K, 10% used [0x00000000e3780000,0x00000000e3a58bc0,0x00000000e5180000)
  to   space 27136K, 0% used [0x00000000e1d00000,0x00000000e1d00000,0x00000000e3780000)
 ParOldGen       total 68096K, used 53028K [0x0000000081c00000, 0x0000000085e80000, 0x00000000d5f00000)
  object space 68096K, 77% used [0x0000000081c00000,0x0000000084fc9258,0x0000000085e80000)
 Metaspace       used 34652K, capacity 35370K, committed 35496K, reserved 1081344K
  class space    used 4074K, capacity 4311K, committed 4352K, reserved 1048576K
Event: 72.734 GC heap after
Heap after GC invocations=24 (full 2):
 PSYoungGen      total 221184K, used 0K [0x00000000d5f00000, 0x00000000e5380000, 0x0000000100000000)
  eden space 194560K, 0% used [0x00000000d5f00000,0x00000000d5f00000,0x00000000e1d00000)
  from space 26624K, 0% used [0x00000000e3780000,0x00000000e3780000,0x00000000e5180000)
  to   space 27136K, 0% used [0x00000000e1d00000,0x00000000e1d00000,0x00000000e3780000)
 ParOldGen       total 111104K, used 40254K [0x0000000081c00000, 0x0000000088880000, 0x00000000d5f00000)
  object space 111104K, 36% used [0x0000000081c00000,0x000000008434fba0,0x0000000088880000)
 Metaspace       used 34652K, capacity 35370K, committed 35496K, reserved 1081344K
  class space    used 4074K, capacity 4311K, committed 4352K, reserved 1048576K
}
Event: 101.969 GC heap before
{Heap before GC invocations=25 (full 2):
 PSYoungGen      total 221184K, used 194560K [0x00000000d5f00000, 0x00000000e5380000, 0x0000000100000000)
  eden space 194560K, 100% used [0x00000000d5f00000,0x00000000e1d00000,0x00000000e1d00000)
  from space 26624K, 0% used [0x00000000e3780000,0x00000000e3780000,0x00000000e5180000)
  to   space 27136K, 0% used [0x00000000e1d00000,0x00000000e1d00000,0x00000000e3780000)
 ParOldGen       total 111104K, used 40254K [0x0000000081c00000, 0x0000000088880000, 0x00000000d5f00000)
  object space 111104K, 36% used [0x0000000081c00000,0x000000008434fba0,0x0000000088880000)
 Metaspace       used 44226K, capacity 45018K, committed 45440K, reserved 1089536K
  class space    used 5166K, capacity 5407K, committed 5504K, reserved 1048576K
Event: 102.194 GC heap after
Heap after GC invocations=25 (full 2):
 PSYoungGen      total 221696K, used 13079K [0x00000000d5f00000, 0x00000000e8580000, 0x0000000100000000)
  eden space 194560K, 0% used [0x00000000d5f00000,0x00000000d5f00000,0x00000000e1d00000)
  from space 27136K, 48% used [0x00000000e1d00000,0x00000000e29c5f38,0x00000000e3780000)
  to   space 26112K, 0% used [0x00000000e6c00000,0x00000000e6c00000,0x00000000e8580000)
 ParOldGen       total 111104K, used 40262K [0x0000000081c00000, 0x0000000088880000, 0x00000000d5f00000)
  object space 111104K, 36% used [0x0000000081c00000,0x0000000084351ba0,0x0000000088880000)
 Metaspace       used 44226K, capacity 45018K, committed 45440K, reserved 1089536K
  class space    used 5166K, capacity 5407K, committed 5504K, reserved 1048576K
}

